Arguments: 
  /usr/bin/node /usr/local/google/home/stephanlee/.local/bin/yarn add @bazel/angular

PATH: 
  /usr/local/google/home/stephanlee/bazel-bin:/usr/local/google/home/stephanlee/bin:/usr/local/google/home/stephanlee/.local/bin:/usr/local/bin:/usr/local/google/home/stephanlee/bazel-bin:/usr/local/google/home/stephanlee/bin:/usr/local/bin:/usr/local/google/home/stephanlee/google-cloud-sdk/bin:/usr/local/google/home/stephanlee/bin:/usr/lib/google-golang/bin:/usr/local/buildtools/java/jdk/bin:/usr/local/sbin:/usr/local/bin:/usr/sbin:/usr/bin:/sbin:/bin:/usr/local/google/home/stephanlee/dev/depot_tools:/usr/local/google/home/stephanlee/.fzf/bin

Yarn version: 
  1.17.3

Node version: 
  10.15.3

Platform: 
  linux x64

Trace: 
  Error: https://registry.yarnpkg.com/@bazel%2fangular: Not found
      at Request.params.callback [as _callback] (/usr/local/google/home/stephanlee/.node_pkg/node_modules/yarn/lib/cli.js:66830:18)
      at Request.self.callback (/usr/local/google/home/stephanlee/.node_pkg/node_modules/yarn/lib/cli.js:140464:22)
      at Request.emit (events.js:189:13)
      at Request.<anonymous> (/usr/local/google/home/stephanlee/.node_pkg/node_modules/yarn/lib/cli.js:141436:10)
      at Request.emit (events.js:189:13)
      at IncomingMessage.<anonymous> (/usr/local/google/home/stephanlee/.node_pkg/node_modules/yarn/lib/cli.js:141358:12)
      at Object.onceWrapper (events.js:277:13)
      at IncomingMessage.emit (events.js:194:15)
      at endReadableNT (_stream_readable.js:1125:12)
      at process._tickCallback (internal/process/next_tick.js:63:19)

npm manifest: 
  {
    "description": "runtime dependencies for bazel_managed_deps example",
    "devDependencies": {
      "jasmine": "^3.2.0",
      "typescript": "^3.0.1"
    },
    "scripts": {
      "test": "bazel test //..."
    },
    "dependencies": {
      "@angular/core": "^8.2.0",
      "@ngrx/store": "^8.2.0",
      "rxjs": "^6.5.2",
      "zone.js": "^0.10.1"
    }
  }

yarn manifest: 
  No manifest

Lockfile: 
  # THIS IS AN AUTOGENERATED FILE. DO NOT EDIT THIS FILE DIRECTLY.
  # yarn lockfile v1
  
  
  "@angular/core@^8.2.0":
    version "8.2.0"
    resolved "https://registry.yarnpkg.com/@angular/core/-/core-8.2.0.tgz#18e50f525d9cb9987a6a84e583a2becbc446919e"
    integrity sha512-Sg7zPaaAeV73zobKmxvdQ0pDhZAigDKM9jOqm2q19ucdOLBBQJnZf7JkZYO+KWm56Ttz76Jetl+neR5zzGg/bg==
    dependencies:
      tslib "^1.9.0"
  
  "@ngrx/store@^8.2.0":
    version "8.2.0"
    resolved "https://registry.yarnpkg.com/@ngrx/store/-/store-8.2.0.tgz#8374fa803babdbf2a599240a8e546fa726d83edd"
    integrity sha512-RTmg7WstMhxEIWxtcK1dC4i/3OQeS11ilosQjmZyiRcbRQzvBMZqQzNdpwb5yL6rEQ19Cka/QEWm2sd2USzHeA==
  
  balanced-match@^1.0.0:
    version "1.0.0"
    resolved "https://registry.yarnpkg.com/balanced-match/-/balanced-match-1.0.0.tgz#89b4d199ab2bee49de164ea02b89ce462d71b767"
  
  brace-expansion@^1.1.7:
    version "1.1.11"
    resolved "https://registry.yarnpkg.com/brace-expansion/-/brace-expansion-1.1.11.tgz#3c7fcbf529d87226f3d2f52b966ff5271eb441dd"
    dependencies:
      balanced-match "^1.0.0"
      concat-map "0.0.1"
  
  concat-map@0.0.1:
    version "0.0.1"
    resolved "https://registry.yarnpkg.com/concat-map/-/concat-map-0.0.1.tgz#d8a96bd77fd68df7793a73036a3ba0d5405d477b"
  
  fs.realpath@^1.0.0:
    version "1.0.0"
    resolved "https://registry.yarnpkg.com/fs.realpath/-/fs.realpath-1.0.0.tgz#1504ad2523158caa40db4a2787cb01411994ea4f"
  
  glob@^7.0.6:
    version "7.1.2"
    resolved "https://registry.yarnpkg.com/glob/-/glob-7.1.2.tgz#c19c9df9a028702d678612384a6552404c636d15"
    dependencies:
      fs.realpath "^1.0.0"
      inflight "^1.0.4"
      inherits "2"
      minimatch "^3.0.4"
      once "^1.3.0"
      path-is-absolute "^1.0.0"
  
  inflight@^1.0.4:
    version "1.0.6"
    resolved "https://registry.yarnpkg.com/inflight/-/inflight-1.0.6.tgz#49bd6331d7d02d0c09bc910a1075ba8165b56df9"
    dependencies:
      once "^1.3.0"
      wrappy "1"
  
  inherits@2:
    version "2.0.3"
    resolved "https://registry.yarnpkg.com/inherits/-/inherits-2.0.3.tgz#633c2c83e3da42a502f52466022480f4208261de"
  
  jasmine-core@~3.2.0:
    version "3.2.1"
    resolved "https://registry.yarnpkg.com/jasmine-core/-/jasmine-core-3.2.1.tgz#8e4ff5b861603ee83343f2b49eee6a0ffe9650ce"
  
  jasmine@^3.2.0:
    version "3.2.0"
    resolved "https://registry.yarnpkg.com/jasmine/-/jasmine-3.2.0.tgz#b3a018454781805650e46578803d08e7cfdd7b3d"
    dependencies:
      glob "^7.0.6"
      jasmine-core "~3.2.0"
  
  minimatch@^3.0.4:
    version "3.0.4"
    resolved "https://registry.yarnpkg.com/minimatch/-/minimatch-3.0.4.tgz#5166e286457f03306064be5497e8dbb0c3d32083"
    dependencies:
      brace-expansion "^1.1.7"
  
  once@^1.3.0:
    version "1.4.0"
    resolved "https://registry.yarnpkg.com/once/-/once-1.4.0.tgz#583b1aa775961d4b113ac17d9c50baef9dd76bd1"
    dependencies:
      wrappy "1"
  
  path-is-absolute@^1.0.0:
    version "1.0.1"
    resolved "https://registry.yarnpkg.com/path-is-absolute/-/path-is-absolute-1.0.1.tgz#174b9268735534ffbc7ace6bf53a5a9e1b5c5f5f"
  
  rxjs@^6.5.2:
    version "6.5.2"
    resolved "https://registry.yarnpkg.com/rxjs/-/rxjs-6.5.2.tgz#2e35ce815cd46d84d02a209fb4e5921e051dbec7"
    integrity sha512-HUb7j3kvb7p7eCUHE3FqjoDsC1xfZQ4AHFWfTKSpZ+sAhhz5X1WX0ZuUqWbzB2QhSLp3DoLUG+hMdEDKqWo2Zg==
    dependencies:
      tslib "^1.9.0"
  
  tslib@^1.9.0:
    version "1.10.0"
    resolved "https://registry.yarnpkg.com/tslib/-/tslib-1.10.0.tgz#c3c19f95973fb0a62973fb09d90d961ee43e5c8a"
    integrity sha512-qOebF53frne81cf0S9B41ByenJ3/IuH8yJKngAX35CmiZySA0khhkovshKK+jGCaMnVomla7gVlIcc3EvKPbTQ==
  
  typescript@^3.0.1:
    version "3.0.1"
    resolved "https://registry.yarnpkg.com/typescript/-/typescript-3.0.1.tgz#43738f29585d3a87575520a4b93ab6026ef11fdb"
  
  wrappy@1:
    version "1.0.2"
    resolved "https://registry.yarnpkg.com/wrappy/-/wrappy-1.0.2.tgz#b5243d8f3ec1aa35f1364605bc0d1036e30ab69f"
  
  zone.js@^0.10.1:
    version "0.10.1"
    resolved "https://registry.yarnpkg.com/zone.js/-/zone.js-0.10.1.tgz#c83f7011896172cb69cbb99d2eff2302f3b2ca1a"
    integrity sha512-PNCeR7yTNse/C1sSv01OWTV6hEnlQP98w5OX7cmNM+7wLCISLukNIzfYoRjdsWTYE3t1PQkjtjGa/GYoeP8Caw==
